This is pdfTeX, Version 3.1415926-2.4-1.40.13 (TeX Live 2012/Debian) (format=pdflatex 2013.7.15)  13 NOV 2013 18:36
entering extended mode
 restricted \write18 enabled.
 %&-line parsing enabled.
**ligpaper.tex
(./ligpaper.tex
LaTeX2e <2011/06/27>
Babel <v3.8m> and hyphenation patterns for english, dumylang, nohyphenation, lo
aded.
(/usr/share/texlive/texmf-dist/tex/latex/base/article.cls
Document Class: article 2007/10/19 v1.4h Standard LaTeX document class
(/usr/share/texlive/texmf-dist/tex/latex/base/size10.clo
File: size10.clo 2007/10/19 v1.4h Standard LaTeX file (size option)
)
\c@part=\count79
\c@section=\count80
\c@subsection=\count81
\c@subsubsection=\count82
\c@paragraph=\count83
\c@subparagraph=\count84
\c@figure=\count85
\c@table=\count86
\abovecaptionskip=\skip41
\belowcaptionskip=\skip42
\bibindent=\dimen102
)
(/usr/share/texlive/texmf-dist/tex/latex/amsmath/amsmath.sty
Package: amsmath 2000/07/18 v2.13 AMS math features
\@mathmargin=\skip43

For additional information on amsmath, use the `?' option.
(/usr/share/texlive/texmf-dist/tex/latex/amsmath/amstext.sty
Package: amstext 2000/06/29 v2.01

(/usr/share/texlive/texmf-dist/tex/latex/amsmath/amsgen.sty
File: amsgen.sty 1999/11/30 v2.0
\@emptytoks=\toks14
\ex@=\dimen103
))
(/usr/share/texlive/texmf-dist/tex/latex/amsmath/amsbsy.sty
Package: amsbsy 1999/11/29 v1.2d
\pmbraise@=\dimen104
)
(/usr/share/texlive/texmf-dist/tex/latex/amsmath/amsopn.sty
Package: amsopn 1999/12/14 v2.01 operator names
)
\inf@bad=\count87
LaTeX Info: Redefining \frac on input line 211.
\uproot@=\count88
\leftroot@=\count89
LaTeX Info: Redefining \overline on input line 307.
\classnum@=\count90
\DOTSCASE@=\count91
LaTeX Info: Redefining \ldots on input line 379.
LaTeX Info: Redefining \dots on input line 382.
LaTeX Info: Redefining \cdots on input line 467.
\Mathstrutbox@=\box26
\strutbox@=\box27
\big@size=\dimen105
LaTeX Font Info:    Redeclaring font encoding OML on input line 567.
LaTeX Font Info:    Redeclaring font encoding OMS on input line 568.
\macc@depth=\count92
\c@MaxMatrixCols=\count93
\dotsspace@=\muskip10
\c@parentequation=\count94
\dspbrk@lvl=\count95
\tag@help=\toks15
\row@=\count96
\column@=\count97
\maxfields@=\count98
\andhelp@=\toks16
\eqnshift@=\dimen106
\alignsep@=\dimen107
\tagshift@=\dimen108
\tagwidth@=\dimen109
\totwidth@=\dimen110
\lineht@=\dimen111
\@envbody=\toks17
\multlinegap=\skip44
\multlinetaggap=\skip45
\mathdisplay@stack=\toks18
LaTeX Info: Redefining \[ on input line 2666.
LaTeX Info: Redefining \] on input line 2667.
)
(/usr/share/texlive/texmf-dist/tex/latex/amsfonts/amssymb.sty
Package: amssymb 2009/06/22 v3.00

(/usr/share/texlive/texmf-dist/tex/latex/amsfonts/amsfonts.sty
Package: amsfonts 2009/06/22 v3.00 Basic AMSFonts support
\symAMSa=\mathgroup4
\symAMSb=\mathgroup5
LaTeX Font Info:    Overwriting math alphabet `\mathfrak' in version `bold'
(Font)                  U/euf/m/n --> U/euf/b/n on input line 96.
))
(/usr/share/texlive/texmf-dist/tex/latex/graphics/graphicx.sty
Package: graphicx 1999/02/16 v1.0f Enhanced LaTeX Graphics (DPC,SPQR)

(/usr/share/texlive/texmf-dist/tex/latex/graphics/keyval.sty
Package: keyval 1999/03/16 v1.13 key=value parser (DPC)
\KV@toks@=\toks19
)
(/usr/share/texlive/texmf-dist/tex/latex/graphics/graphics.sty
Package: graphics 2009/02/05 v1.0o Standard LaTeX Graphics (DPC,SPQR)

(/usr/share/texlive/texmf-dist/tex/latex/graphics/trig.sty
Package: trig 1999/03/16 v1.09 sin cos tan (DPC)
)
(/usr/share/texlive/texmf-dist/tex/latex/latexconfig/graphics.cfg
File: graphics.cfg 2010/04/23 v1.9 graphics configuration of TeX Live
)
Package graphics Info: Driver file: pdftex.def on input line 91.

(/usr/share/texlive/texmf-dist/tex/latex/pdftex-def/pdftex.def
File: pdftex.def 2011/05/27 v0.06d Graphics/color for pdfTeX

(/usr/share/texlive/texmf-dist/tex/generic/oberdiek/infwarerr.sty
Package: infwarerr 2010/04/08 v1.3 Providing info/warning/error messages (HO)
)
(/usr/share/texlive/texmf-dist/tex/generic/oberdiek/ltxcmds.sty
Package: ltxcmds 2011/11/09 v1.22 LaTeX kernel commands for general use (HO)
)
\Gread@gobject=\count99
))
\Gin@req@height=\dimen112
\Gin@req@width=\dimen113
)
(/usr/share/texlive/texmf-dist/tex/latex/graphics/lscape.sty
Package: lscape 2000/10/22 v3.01 Landscape Pages (DPC)
)
(/usr/share/texlive/texmf-dist/tex/latex/cite/cite.sty
LaTeX Info: Redefining \cite on input line 302.
LaTeX Info: Redefining \nocite on input line 373.
Package: cite 2010/09/10  v 5.3
)
(/usr/share/texlive/texmf-dist/tex/latex/graphics/color.sty
Package: color 2005/11/14 v1.0j Standard LaTeX Color (DPC)

(/usr/share/texlive/texmf-dist/tex/latex/latexconfig/color.cfg
File: color.cfg 2007/01/18 v1.5 color configuration of teTeX/TeXLive
)
Package color Info: Driver file: pdftex.def on input line 130.
)
(/usr/share/texlive/texmf-dist/tex/latex/setspace/setspace.sty
Package: setspace 2011/12/19 v6.7a set line spacing
)
(/usr/share/texlive/texmf-dist/tex/latex/caption/caption.sty
Package: caption 2012/02/19 v3.2f Customizing captions (AR)

(/usr/share/texlive/texmf-dist/tex/latex/caption/caption3.sty
Package: caption3 2012/01/12 v1.4b caption3 kernel (AR)
\captionmargin=\dimen114
\captionmargin@=\dimen115
\captionwidth=\dimen116
\caption@indent=\dimen117
\caption@parindent=\dimen118
\caption@hangindent=\dimen119
)
\c@ContinuedFloat=\count100
)
(/usr/share/texlive/texmf-dist/tex/latex/base/textcomp.sty
Package: textcomp 2005/09/27 v1.99g Standard LaTeX package
Package textcomp Info: Sub-encoding information:
(textcomp)               5 = only ISO-Adobe without \textcurrency
(textcomp)               4 = 5 + \texteuro
(textcomp)               3 = 4 + \textohm
(textcomp)               2 = 3 + \textestimated + \textcurrency
(textcomp)               1 = TS1 - \textcircled - \t
(textcomp)               0 = TS1 (full)
(textcomp)             Font families with sub-encoding setting implement
(textcomp)             only a restricted character set as indicated.
(textcomp)             Family '?' is the default used for unknown fonts.
(textcomp)             See the documentation for details.
Package textcomp Info: Setting ? sub-encoding to TS1/1 on input line 71.

(/usr/share/texlive/texmf-dist/tex/latex/base/ts1enc.def
File: ts1enc.def 2001/06/05 v3.0e (jk/car/fm) Standard LaTeX file
)
LaTeX Info: Redefining \oldstylenums on input line 266.
Package textcomp Info: Setting cmr sub-encoding to TS1/0 on input line 281.
Package textcomp Info: Setting cmss sub-encoding to TS1/0 on input line 282.
Package textcomp Info: Setting cmtt sub-encoding to TS1/0 on input line 283.
Package textcomp Info: Setting cmvtt sub-encoding to TS1/0 on input line 284.
Package textcomp Info: Setting cmbr sub-encoding to TS1/0 on input line 285.
Package textcomp Info: Setting cmtl sub-encoding to TS1/0 on input line 286.
Package textcomp Info: Setting ccr sub-encoding to TS1/0 on input line 287.
Package textcomp Info: Setting ptm sub-encoding to TS1/4 on input line 288.
Package textcomp Info: Setting pcr sub-encoding to TS1/4 on input line 289.
Package textcomp Info: Setting phv sub-encoding to TS1/4 on input line 290.
Package textcomp Info: Setting ppl sub-encoding to TS1/3 on input line 291.
Package textcomp Info: Setting pag sub-encoding to TS1/4 on input line 292.
Package textcomp Info: Setting pbk sub-encoding to TS1/4 on input line 293.
Package textcomp Info: Setting pnc sub-encoding to TS1/4 on input line 294.
Package textcomp Info: Setting pzc sub-encoding to TS1/4 on input line 295.
Package textcomp Info: Setting bch sub-encoding to TS1/4 on input line 296.
Package textcomp Info: Setting put sub-encoding to TS1/5 on input line 297.
Package textcomp Info: Setting uag sub-encoding to TS1/5 on input line 298.
Package textcomp Info: Setting ugq sub-encoding to TS1/5 on input line 299.
Package textcomp Info: Setting ul8 sub-encoding to TS1/4 on input line 300.
Package textcomp Info: Setting ul9 sub-encoding to TS1/4 on input line 301.
Package textcomp Info: Setting augie sub-encoding to TS1/5 on input line 302.
Package textcomp Info: Setting dayrom sub-encoding to TS1/3 on input line 303.
Package textcomp Info: Setting dayroms sub-encoding to TS1/3 on input line 304.

Package textcomp Info: Setting pxr sub-encoding to TS1/0 on input line 305.
Package textcomp Info: Setting pxss sub-encoding to TS1/0 on input line 306.
Package textcomp Info: Setting pxtt sub-encoding to TS1/0 on input line 307.
Package textcomp Info: Setting txr sub-encoding to TS1/0 on input line 308.
Package textcomp Info: Setting txss sub-encoding to TS1/0 on input line 309.
Package textcomp Info: Setting txtt sub-encoding to TS1/0 on input line 310.
Package textcomp Info: Setting lmr sub-encoding to TS1/0 on input line 311.
Package textcomp Info: Setting lmdh sub-encoding to TS1/0 on input line 312.
Package textcomp Info: Setting lmss sub-encoding to TS1/0 on input line 313.
Package textcomp Info: Setting lmssq sub-encoding to TS1/0 on input line 314.
Package textcomp Info: Setting lmvtt sub-encoding to TS1/0 on input line 315.
Package textcomp Info: Setting qhv sub-encoding to TS1/0 on input line 316.
Package textcomp Info: Setting qag sub-encoding to TS1/0 on input line 317.
Package textcomp Info: Setting qbk sub-encoding to TS1/0 on input line 318.
Package textcomp Info: Setting qcr sub-encoding to TS1/0 on input line 319.
Package textcomp Info: Setting qcs sub-encoding to TS1/0 on input line 320.
Package textcomp Info: Setting qpl sub-encoding to TS1/0 on input line 321.
Package textcomp Info: Setting qtm sub-encoding to TS1/0 on input line 322.
Package textcomp Info: Setting qzc sub-encoding to TS1/0 on input line 323.
Package textcomp Info: Setting qhvc sub-encoding to TS1/0 on input line 324.
Package textcomp Info: Setting futs sub-encoding to TS1/4 on input line 325.
Package textcomp Info: Setting futx sub-encoding to TS1/4 on input line 326.
Package textcomp Info: Setting futj sub-encoding to TS1/4 on input line 327.
Package textcomp Info: Setting hlh sub-encoding to TS1/3 on input line 328.
Package textcomp Info: Setting hls sub-encoding to TS1/3 on input line 329.
Package textcomp Info: Setting hlst sub-encoding to TS1/3 on input line 330.
Package textcomp Info: Setting hlct sub-encoding to TS1/5 on input line 331.
Package textcomp Info: Setting hlx sub-encoding to TS1/5 on input line 332.
Package textcomp Info: Setting hlce sub-encoding to TS1/5 on input line 333.
Package textcomp Info: Setting hlcn sub-encoding to TS1/5 on input line 334.
Package textcomp Info: Setting hlcw sub-encoding to TS1/5 on input line 335.
Package textcomp Info: Setting hlcf sub-encoding to TS1/5 on input line 336.
Package textcomp Info: Setting pplx sub-encoding to TS1/3 on input line 337.
Package textcomp Info: Setting pplj sub-encoding to TS1/3 on input line 338.
Package textcomp Info: Setting ptmx sub-encoding to TS1/4 on input line 339.
Package textcomp Info: Setting ptmj sub-encoding to TS1/4 on input line 340.
)
(/usr/share/texlive/texmf-dist/tex/latex/base/fixltx2e.sty
Package: fixltx2e 2006/09/13 v1.1m fixes to LaTeX
LaTeX Info: Redefining \em on input line 420.
LaTeX Info: The control sequence `\[' is already robust on input line 471.
LaTeX Info: The control sequence `\]' is already robust on input line 472.
) (./fullpage.sty)
(/usr/share/R/share/texmf/tex/latex/Sweave.sty
Package: Sweave 

(/usr/share/texlive/texmf-dist/tex/latex/base/ifthen.sty
Package: ifthen 2001/05/26 v1.1c Standard LaTeX ifthen package (DPC)
)
(/usr/share/texlive/texmf-dist/tex/latex/fancyvrb/fancyvrb.sty
Package: fancyvrb 2008/02/07

Style option: `fancyvrb' v2.7a, with DG/SPQR fixes, and firstline=lastline fix 
<2008/02/07> (tvz)
\FV@CodeLineNo=\count101
\FV@InFile=\read1
\FV@TabBox=\box28
\c@FancyVerbLine=\count102
\FV@StepNumber=\count103
\FV@OutFile=\write3
) (/usr/share/R/share/texmf/tex/latex/upquote.sty
Package: upquote 2003/08/11 v1.1 Covington's upright-quote modification to verb
atim and verb
)
(/usr/share/texlive/texmf-dist/tex/latex/base/fontenc.sty
Package: fontenc 2005/09/27 v1.99g Standard LaTeX package

(/usr/share/texlive/texmf-dist/tex/latex/base/t1enc.def
File: t1enc.def 2005/09/27 v1.99g Standard LaTeX file
LaTeX Font Info:    Redeclaring font encoding T1 on input line 43.
))
(/usr/share/texlive/texmf-dist/tex/latex/ae/ae.sty
Package: ae 2001/02/12 1.3 Almost European Computer Modern

(/usr/share/texlive/texmf-dist/tex/latex/base/fontenc.sty
Package: fontenc 2005/09/27 v1.99g Standard LaTeX package

(/usr/share/texlive/texmf-dist/tex/latex/base/t1enc.def
File: t1enc.def 2005/09/27 v1.99g Standard LaTeX file
LaTeX Font Info:    Redeclaring font encoding T1 on input line 43.
)
LaTeX Font Info:    Try loading font information for T1+aer on input line 100.

(/usr/share/texlive/texmf-dist/tex/latex/ae/t1aer.fd
File: t1aer.fd 1997/11/16 Font definitions for T1/aer.
))))
No file ligpaper.aux.
\openout1 = `ligpaper.aux'.

LaTeX Font Info:    Checking defaults for OML/cmm/m/it on input line 77.
LaTeX Font Info:    ... okay on input line 77.
LaTeX Font Info:    Checking defaults for T1/cmr/m/n on input line 77.
LaTeX Font Info:    ... okay on input line 77.
LaTeX Font Info:    Checking defaults for OT1/cmr/m/n on input line 77.
LaTeX Font Info:    ... okay on input line 77.
LaTeX Font Info:    Checking defaults for OMS/cmsy/m/n on input line 77.
LaTeX Font Info:    ... okay on input line 77.
LaTeX Font Info:    Checking defaults for OMX/cmex/m/n on input line 77.
LaTeX Font Info:    ... okay on input line 77.
LaTeX Font Info:    Checking defaults for U/cmr/m/n on input line 77.
LaTeX Font Info:    ... okay on input line 77.
LaTeX Font Info:    Checking defaults for TS1/cmr/m/n on input line 77.
LaTeX Font Info:    Try loading font information for TS1+cmr on input line 77.
(/usr/share/texlive/texmf-dist/tex/latex/base/ts1cmr.fd
File: ts1cmr.fd 1999/05/25 v2.5h Standard LaTeX font definitions
)
LaTeX Font Info:    ... okay on input line 77.

(/usr/share/texlive/texmf-dist/tex/context/base/supp-pdf.mkii
[Loading MPS to PDF converter (version 2006.09.02).]
\scratchcounter=\count104
\scratchdimen=\dimen120
\scratchbox=\box29
\nofMPsegments=\count105
\nofMParguments=\count106
\everyMPshowfont=\toks20
\MPscratchCnt=\count107
\MPscratchDim=\dimen121
\MPnumerator=\count108
\makeMPintoPDFobject=\count109
\everyMPtoPDFconversion=\toks21
) (/usr/share/texlive/texmf-dist/tex/generic/oberdiek/pdftexcmds.sty
Package: pdftexcmds 2011/11/29 v0.20 Utility functions of pdfTeX for LuaTeX (HO
)

(/usr/share/texlive/texmf-dist/tex/generic/oberdiek/ifluatex.sty
Package: ifluatex 2010/03/01 v1.3 Provides the ifluatex switch (HO)
Package ifluatex Info: LuaTeX not detected.
)
(/usr/share/texlive/texmf-dist/tex/generic/oberdiek/ifpdf.sty
Package: ifpdf 2011/01/30 v2.3 Provides the ifpdf switch (HO)
Package ifpdf Info: pdfTeX in PDF mode is detected.
)
Package pdftexcmds Info: LuaTeX not detected.
Package pdftexcmds Info: \pdf@primitive is available.
Package pdftexcmds Info: \pdf@ifprimitive is available.
Package pdftexcmds Info: \pdfdraftmode found.
)
(/usr/share/texlive/texmf-dist/tex/latex/oberdiek/epstopdf-base.sty
Package: epstopdf-base 2010/02/09 v2.5 Base part for package epstopdf

(/usr/share/texlive/texmf-dist/tex/latex/oberdiek/grfext.sty
Package: grfext 2010/08/19 v1.1 Manage graphics extensions (HO)

(/usr/share/texlive/texmf-dist/tex/generic/oberdiek/kvdefinekeys.sty
Package: kvdefinekeys 2011/04/07 v1.3 Define keys (HO)
))
(/usr/share/texlive/texmf-dist/tex/latex/oberdiek/kvoptions.sty
Package: kvoptions 2011/06/30 v3.11 Key value format for package options (HO)

(/usr/share/texlive/texmf-dist/tex/generic/oberdiek/kvsetkeys.sty
Package: kvsetkeys 2012/04/25 v1.16 Key value parser (HO)

(/usr/share/texlive/texmf-dist/tex/generic/oberdiek/etexcmds.sty
Package: etexcmds 2011/02/16 v1.5 Avoid name clashes with e-TeX commands (HO)
Package etexcmds Info: Could not find \expanded.
(etexcmds)             That can mean that you are not using pdfTeX 1.50 or
(etexcmds)             that some package has redefined \expanded.
(etexcmds)             In the latter case, load this package earlier.
)))
Package grfext Info: Graphics extension search list:
(grfext)             [.png,.pdf,.jpg,.mps,.jpeg,.jbig2,.jb2,.PNG,.PDF,.JPG,.JPE
G,.JBIG2,.JB2,.eps]
(grfext)             \AppendGraphicsExtensions on input line 452.

(/usr/share/texlive/texmf-dist/tex/latex/latexconfig/epstopdf-sys.cfg
File: epstopdf-sys.cfg 2010/07/13 v1.3 Configuration of (r)epstopdf for TeX Liv
e
))
Package caption Info: Begin \AtBeginDocument code.
Package caption Info: End \AtBeginDocument code.

(./ligpaper-concordance.tex) (./authors_paper.tex
LaTeX Font Info:    Try loading font information for U+msa on input line 2.

(/usr/share/texlive/texmf-dist/tex/latex/amsfonts/umsa.fd
File: umsa.fd 2009/06/22 v3.00 AMS symbols A
)
LaTeX Font Info:    Try loading font information for U+msb on input line 2.

(/usr/share/texlive/texmf-dist/tex/latex/amsfonts/umsb.fd
File: umsb.fd 2009/06/22 v3.00 AMS symbols B
)) [1{/var/lib/texmf/fonts/map/pdftex/updmap/pdftex.map}

] (./abstract.tex) [2] (./introduction.tex

LaTeX Warning: Citation `Berg2008' on page 3 undefined on input line 3.


LaTeX Warning: Citation `Don2005' on page 3 undefined on input line 3.


LaTeX Warning: Citation `Sinsabaugh2010' on page 3 undefined on input line 3.


LaTeX Warning: Citation `Berg1980' on page 3 undefined on input line 5.


LaTeX Warning: Citation `Couteaux1995' on page 3 undefined on input line 5.


LaTeX Warning: Citation `Moorhead2006' on page 3 undefined on input line 5.


LaTeX Warning: Citation `Adair2008' on page 3 undefined on input line 5.


LaTeX Warning: Citation `Hatfield2005' on page 3 undefined on input line 5.


LaTeX Warning: Citation `Preston1997' on page 3 undefined on input line 6.


LaTeX Warning: Citation `Klotzbucher2011a' on page 3 undefined on input line 6.



LaTeX Warning: Citation `Amelung2008' on page 3 undefined on input line 8.


LaTeX Warning: Citation `Thevenot2010a' on page 3 undefined on input line 8.


LaTeX Warning: Citation `Bol2009' on page 3 undefined on input line 8.


LaTeX Warning: Citation `Bugg2011' on page 3 undefined on input line 8.


LaTeX Warning: Citation `Klotzbucher2011' on page 3 undefined on input line 10.



LaTeX Warning: Citation `Achyuthan2010' on page 3 undefined on input line 12.


LaTeX Warning: Citation `Dyckmans2002' on page 3 undefined on input line 12.


LaTeX Warning: Citation `Craine2007' on page 3 undefined on input line 12.


LaTeX Warning: Citation `Knorr2005' on page 3 undefined on input line 12.


LaTeX Warning: Citation `Sinsabaugh2010' on page 3 undefined on input line 13.


LaTeX Warning: Citation `Craine2007' on page 3 undefined on input line 14.

[3]

LaTeX Warning: Citation `Talbot2011' on page 4 undefined on input line 16.

) (./results.tex [4]

LaTeX Warning: Reference `initstoech' on page 5 undefined on input line 3.

LaTeX Font Info:    Try loading font information for TS1+aer on input line 8.
(/usr/share/R/share/texmf/tex/latex/ts1aer.fd
File: ts1aer.fd 
)
LaTeX Font Info:    Font shape `TS1/aer/m/n' in size <10> not available
(Font)              Font shape `TS1/cmr/m/n' tried instead on input line 8.


LaTeX Warning: Reference `fig:enz' on page 5 undefined on input line 8.


LaTeX Warning: Citation `Mooshammer2011' on page 5 undefined on input line 10.


LaTeX Warning: Reference `fig:enz' on page 5 undefined on input line 12.


LaTeX Warning: Reference `fig:phos' on page 5 undefined on input line 12.

[5]

LaTeX Warning: Reference `fig:enz' on page 6 undefined on input line 15.


LaTeX Warning: Reference `fig:enz' on page 6 undefined on input line 15.


LaTeX Warning: Reference `fig:enz' on page 6 undefined on input line 15.


LaTeX Warning: Reference `fig:mb' on page 6 undefined on input line 18.


LaTeX Warning: Reference `fig:mb' on page 6 undefined on input line 18.


LaTeX Warning: Reference `phos' on page 6 undefined on input line 18.


LaTeX Warning: Citation `Mooshammer2011' on page 6 undefined on input line 20.


LaTeX Warning: Citation `Sterner2002' on page 6 undefined on input line 20.


LaTeX Warning: Reference `fig:mb' on page 6 undefined on input line 20.

[6]

LaTeX Warning: Reference `fig:f2b' on page 7 undefined on input line 22.


LaTeX Warning: Reference `fig:metaprot_barplot' on page 7 undefined on input li
ne 24.


LaTeX Warning: Reference `fig:metaprot_barplot' on page 7 undefined on input li
ne 24.


LaTeX Warning: Reference `fig:lci' on page 7 undefined on input line 28.

[7]

LaTeX Warning: Reference `fig:degr' on page 8 undefined on input line 30.


LaTeX Warning: Reference `fig:degr' on page 8 undefined on input line 30.


LaTeX Warning: Reference `fig:degr' on page 8 undefined on input line 30.


LaTeX Warning: Reference `corrtable' on page 8 undefined on input line 34.


LaTeX Warning: Reference `corrtable2' on page 8 undefined on input line 34.


LaTeX Warning: Citation `Mooshammer2011' on page 8 undefined on input line 34.


LaTeX Warning: Citation `Leitner2011' on page 8 undefined on input line 34.


LaTeX Warning: Reference `fig:cor1' on page 8 undefined on input line 35.


LaTeX Warning: Reference `corrtable2' on page 8 undefined on input line 37.


LaTeX Warning: Reference `corrtable2' on page 8 undefined on input line 37.


LaTeX Warning: Reference `corrtable' on page 8 undefined on input line 37.


LaTeX Warning: Reference `fig:f2b' on page 8 undefined on input line 37.

[8]

LaTeX Warning: Reference `fig:metaprotpca' on page 9 undefined on input line 39
.


LaTeX Warning: Reference `catab' on page 9 undefined on input line 41.

) (./discussion_new.tex [9]

LaTeX Warning: Citation `Klotzbucher2011' on page 10 undefined on input line 3.



LaTeX Warning: Citation `Vance2003' on page 10 undefined on input line 6.


LaTeX Warning: Citation `Wright2005' on page 10 undefined on input line 6.


LaTeX Warning: Citation `Cornelissen1997' on page 10 undefined on input line 6.



LaTeX Warning: Citation `Hodge2000' on page 10 undefined on input line 8.

[10]

LaTeX Warning: Citation `Berg2008' on page 11 undefined on input line 11.


LaTeX Warning: Citation `Berg2008' on page 11 undefined on input line 13.


LaTeX Warning: Citation `Bugg2011' on page 11 undefined on input line 13.

[11]

LaTeX Warning: Reference `fig_phos' on page 12 undefined on input line 16.


LaTeX Warning: Citation `Craine2007' on page 12 undefined on input line 16.


LaTeX Warning: Citation `Achyuthan2010' on page 12 undefined on input line 16.


LaTeX Warning: Citation `Dyckmans2002' on page 12 undefined on input line 16.


LaTeX Warning: Citation `Moorhead2006' on page 12 undefined on input line 16.


LaTeX Warning: Citation `Craine2007' on page 12 undefined on input line 16.


LaTeX Warning: Citation `Craine2007' on page 12 undefined on input line 16.


LaTeX Warning: Citation `Osono2004' on page 12 undefined on input line 16.


LaTeX Warning: Citation `Sinsabaugh2010' on page 12 undefined on input line 18.



LaTeX Warning: Citation `Treseder2011' on page 12 undefined on input line 18.

) [12] (./mm.tex

LaTeX Warning: Citation `Wanek2010' on page 13 undefined on input line 3.


LaTeX Warning: Citation `Kolmer' on page 13 undefined on input line 6.


LaTeX Warning: Citation `Brooks1985' on page 13 undefined on input line 7.


LaTeX Warning: Citation `Schinner1996' on page 13 undefined on input line 7.

[13]

LaTeX Warning: Citation `Kaiser2010b' on page 14 undefined on input line 21.

[14]

LaTeX Warning: Citation `Schellekens2009' on page 15 undefined on input line 27
.


LaTeX Warning: Citation `Kuder1998' on page 15 undefined on input line 27.


LaTeX Warning: Reference `eq:closscorr' on page 15 undefined on input line 36.

(./metaprot.tex

LaTeX Warning: Citation `Schneider2010' on page 15 undefined on input line 3.


LaTeX Warning: Citation `Tringe2005' on page 15 undefined on input line 3.


LaTeX Warning: Citation `Keiblinger2011' on page 15 undefined on input line 3.


LaTeX Warning: Citation `Schneider2011' on page 15 undefined on input line 3.


LaTeX Warning: Citation `Florens2006' on page 15 undefined on input line 3.


LaTeX Warning: Citation `Zybailov2006' on page 15 undefined on input line 3.


LaTeX Warning: Citation `Bantscheff2007' on page 15 undefined on input line 3.

[15]

LaTeX Warning: Citation `Inselsbacher2010' on page 16 undefined on input line 5
.

)

LaTeX Warning: Citation `R' on page 16 undefined on input line 55.


LaTeX Warning: Citation `vegan' on page 16 undefined on input line 55.

) [16] (./ligpaper.bbl [17] [18] [19] [20]
LaTeX Font Info:    Try loading font information for T1+aett on input line 299.


(/usr/share/texlive/texmf-dist/tex/latex/ae/t1aett.fd
File: t1aett.fd 1997/11/16 Font definitions for T1/aett.
)) [21]
<ligpaper-mb.pdf, id=107, 578.16pt x 433.62pt>
File: ligpaper-mb.pdf Graphic file (type pdf)
 <use ligpaper-mb.pdf>
Package pdftex.def Info: ligpaper-mb.pdf used on input line 233.
(pdftex.def)             Requested size: 469.75499pt x 352.31538pt.
 [22 <./ligpaper-mb.pdf>] <ligpaper-metaprot2.pdf, id=117, 1084.05pt x 1300.86p
t>
File: ligpaper-metaprot2.pdf Graphic file (type pdf)

<use ligpaper-metaprot2.pdf>
Package pdftex.def Info: ligpaper-metaprot2.pdf used on input line 247.
(pdftex.def)             Requested size: 469.75499pt x 563.70595pt.
 <ligpaper-f2bnew.pdf, id=118, 722.7pt x 361.35pt>
File: ligpaper-f2bnew.pdf Graphic file (type pdf)

<use ligpaper-f2bnew.pdf>
Package pdftex.def Info: ligpaper-f2bnew.pdf used on input line 259.
(pdftex.def)             Requested size: 328.82706pt x 164.4145pt.
 [23 <./ligpaper-metaprot2.pdf>]
<ligpaper-lci.pdf, id=129, 722.7pt x 361.35pt>
File: ligpaper-lci.pdf Graphic file (type pdf)
 <use ligpaper-lci.pdf>
Package pdftex.def Info: ligpaper-lci.pdf used on input line 271.
(pdftex.def)             Requested size: 469.75499pt x 234.88023pt.
 [24 <./ligpaper-f2bnew.pdf> <./ligpaper-lci.pdf>]
<ligpaper-degrdiff.pdf, id=146, 867.24pt x 505.89pt>
File: ligpaper-degrdiff.pdf Graphic file (type pdf)

<use ligpaper-degrdiff.pdf>
Package pdftex.def Info: ligpaper-degrdiff.pdf used on input line 284.
(pdftex.def)             Requested size: 469.75499pt x 274.02563pt.
 [25 <./ligpaper-degrdiff.pdf>]
<ligpaper-graphcorr.pdf, id=157, 1734.48pt x 1156.32pt>
File: ligpaper-graphcorr.pdf Graphic file (type pdf)

<use ligpaper-graphcorr.pdf>
Package pdftex.def Info: ligpaper-graphcorr.pdf used on input line 296.
(pdftex.def)             Requested size: 469.75499pt x 313.16335pt.
 [26 <./ligpaper-graphcorr.pdf>]
<ligpaper-graphcorr2.pdf, id=167, 1734.48pt x 1156.32pt>
File: ligpaper-graphcorr2.pdf Graphic file (type pdf)

<use ligpaper-graphcorr2.pdf>
Package pdftex.def Info: ligpaper-graphcorr2.pdf used on input line 308.
(pdftex.def)             Requested size: 469.75499pt x 313.16335pt.
 [27 <./ligpaper-graphcorr2.pdf>]
<ligpaper-metaprot_pca.pdf, id=177, 433.62pt x 433.62pt>
File: ligpaper-metaprot_pca.pdf Graphic file (type pdf)

<use ligpaper-metaprot_pca.pdf>
Package pdftex.def Info: ligpaper-metaprot_pca.pdf used on input line 324.
(pdftex.def)             Requested size: 469.75499pt x 469.7781pt.
 [28 <./ligpaper-metaprot_pca.pdf>]
(./tab_pyrprod.tex [29]
Overfull \hbox (8.02017pt too wide) in paragraph at lines 63--112
 [] 
 []

[30])

LaTeX Warning: `!h' float specifier changed to `!ht'.

[31] [32] [33

] [34] (./tab_partcorr.tex
! Missing { inserted.
<inserted text> 
                {
l.24 ...bf{-4.17}&	  \textbf{17}&	  \textbf0.001}&
                                                  	  \textbf{-0.711} \\
I've put in what seems to be necessary to fix
the current column of the current alignment.
Try to go on, since this might almost work.

[35


]) <ligpaper-figphos.pdf, id=218, 722.7pt x 361.35pt>
File: ligpaper-figphos.pdf Graphic file (type pdf)

<use ligpaper-figphos.pdf>
Package pdftex.def Info: ligpaper-figphos.pdf used on input line 549.
(pdftex.def)             Requested size: 375.80542pt x 187.90308pt.


LaTeX Warning: `!h' float specifier changed to `!ht'.

<ligpaper-prypca.pdf, id=219, 361.35pt x 578.16pt>
File: ligpaper-prypca.pdf Graphic file (type pdf)
 <use ligpaper-prypca.pdf>
Package pdftex.def Info: ligpaper-prypca.pdf used on input line 560.
(pdftex.def)             Requested size: 375.80542pt x 601.28986pt.


LaTeX Warning: Float too large for page by 18.99486pt on input line 565.


LaTeX Warning: `!h' float specifier changed to `!ht'.

[36

] [37 <./ligpaper-figphos.pdf>] [38 <./ligpaper-prypca.pdf>] (./ligpaper.aux)

LaTeX Warning: There were undefined references.


LaTeX Warning: Label(s) may have changed. Rerun to get cross-references right.

 ) 
Here is how much of TeX's memory you used:
 5069 strings out of 495059
 73119 string characters out of 3182030
 135509 words of memory out of 3000000
 8015 multiletter control sequences out of 15000+200000
 46337 words of font info for 99 fonts, out of 3000000 for 9000
 14 hyphenation exceptions out of 8191
 38i,11n,38p,2192b,343s stack positions out of 5000i,500n,10000p,200000b,50000s
 </home/lluc/.texmf-var/fonts/pk/ljfour/jknappen/ec/tcrm1000.600pk></usr/shar
e/texlive/texmf-dist/fonts/type1/public/amsfonts/cm/cmbx10.pfb></usr/share/texl
ive/texmf-dist/fonts/type1/public/amsfonts/cm/cmbx12.pfb></usr/share/texlive/te
xmf-dist/fonts/type1/public/amsfonts/cm/cmbx6.pfb></usr/share/texlive/texmf-dis
t/fonts/type1/public/amsfonts/cm/cmbx9.pfb></usr/share/texlive/texmf-dist/fonts
/type1/public/amsfonts/cm/cmcsc10.pfb></usr/share/texlive/texmf-dist/fonts/type
1/public/amsfonts/cm/cmex10.pfb></usr/share/texlive/texmf-dist/fonts/type1/publ
ic/amsfonts/cm/cmmi10.pfb></usr/share/texlive/texmf-dist/fonts/type1/public/ams
fonts/cm/cmmi6.pfb></usr/share/texlive/texmf-dist/fonts/type1/public/amsfonts/c
m/cmmi7.pfb></usr/share/texlive/texmf-dist/fonts/type1/public/amsfonts/cm/cmmi9
.pfb></usr/share/texlive/texmf-dist/fonts/type1/public/amsfonts/cm/cmmib10.pfb>
</usr/share/texlive/texmf-dist/fonts/type1/public/amsfonts/cmextra/cmmib6.pfb><
/usr/share/texlive/texmf-dist/fonts/type1/public/amsfonts/cmextra/cmmib9.pfb></
usr/share/texlive/texmf-dist/fonts/type1/public/amsfonts/cm/cmr10.pfb></usr/sha
re/texlive/texmf-dist/fonts/type1/public/amsfonts/cm/cmr6.pfb></usr/share/texli
ve/texmf-dist/fonts/type1/public/amsfonts/cm/cmr7.pfb></usr/share/texlive/texmf
-dist/fonts/type1/public/amsfonts/cm/cmr8.pfb></usr/share/texlive/texmf-dist/fo
nts/type1/public/amsfonts/cm/cmr9.pfb></usr/share/texlive/texmf-dist/fonts/type
1/public/amsfonts/cm/cmsy10.pfb></usr/share/texlive/texmf-dist/fonts/type1/publ
ic/amsfonts/cm/cmsy7.pfb></usr/share/texlive/texmf-dist/fonts/type1/public/amsf
onts/cm/cmti10.pfb></usr/share/texlive/texmf-dist/fonts/type1/public/amsfonts/c
m/cmtt10.pfb>
Output written on ligpaper.pdf (38 pages, 423240 bytes).
PDF statistics:
 318 PDF objects out of 1000 (max. 8388607)
 208 compressed objects within 3 object streams
 0 named destinations out of 1000 (max. 500000)
 143 words of extra memory for PDF output out of 10000 (max. 10000000)

